Performing C++ SOURCE FILE Test CMAKE_HAVE_LIBC_PTHREAD failed with the following output:
Change Dir: /home/cs211/gcomm/cmake-build-debug/CMakeFiles/CMakeTmp

Run Build Command(s):/usr/bin/make cmTC_1b226/fast && /usr/bin/make -f CMakeFiles/cmTC_1b226.dir/build.make CMakeFiles/cmTC_1b226.dir/build
make[1]: Entering directory '/home/cs211/gcomm/cmake-build-debug/CMakeFiles/CMakeTmp'
Building CXX object CMakeFiles/cmTC_1b226.dir/src.cxx.o
/usr/bin/c++    -DCMAKE_HAVE_LIBC_PTHREAD   -o CMakeFiles/cmTC_1b226.dir/src.cxx.o -c /home/cs211/gcomm/cmake-build-debug/CMakeFiles/CMakeTmp/src.cxx
Linking CXX executable cmTC_1b226
/usr/local/bin/cmake -E cmake_link_script CMakeFiles/cmTC_1b226.dir/link.txt --verbose=1
/usr/bin/c++   -DCMAKE_HAVE_LIBC_PTHREAD    CMakeFiles/cmTC_1b226.dir/src.cxx.o  -o cmTC_1b226 
CMakeFiles/cmTC_1b226.dir/src.cxx.o: In function `main':
src.cxx:(.text+0x3e): undefined reference to `pthread_create'
src.cxx:(.text+0x4a): undefined reference to `pthread_detach'
src.cxx:(.text+0x5b): undefined reference to `pthread_join'
src.cxx:(.text+0x6f): undefined reference to `pthread_atfork'
collect2: error: ld returned 1 exit status
CMakeFiles/cmTC_1b226.dir/build.make:86: recipe for target 'cmTC_1b226' failed
make[1]: *** [cmTC_1b226] Error 1
make[1]: Leaving directory '/home/cs211/gcomm/cmake-build-debug/CMakeFiles/CMakeTmp'
Makefile:121: recipe for target 'cmTC_1b226/fast' failed
make: *** [cmTC_1b226/fast] Error 2


Source file was:
#include <pthread.h>

void* test_func(void* data)
{
  return data;
}

int main(void)
{
  pthread_t thread;
  pthread_create(&thread, NULL, test_func, NULL);
  pthread_detach(thread);
  pthread_join(thread, NULL);
  pthread_atfork(NULL, NULL, NULL);
  pthread_exit(NULL);

  return 0;
}

Determining if the function pthread_create exists in the pthreads failed with the following output:
Change Dir: /home/cs211/gcomm/cmake-build-debug/CMakeFiles/CMakeTmp

Run Build Command(s):/usr/bin/make cmTC_6b11e/fast && /usr/bin/make -f CMakeFiles/cmTC_6b11e.dir/build.make CMakeFiles/cmTC_6b11e.dir/build
make[1]: Entering directory '/home/cs211/gcomm/cmake-build-debug/CMakeFiles/CMakeTmp'
Building CXX object CMakeFiles/cmTC_6b11e.dir/CheckFunctionExists.cxx.o
/usr/bin/c++    -DCHECK_FUNCTION_EXISTS=pthread_create   -o CMakeFiles/cmTC_6b11e.dir/CheckFunctionExists.cxx.o -c /home/cs211/gcomm/cmake-build-debug/CMakeFiles/CheckLibraryExists/CheckFunctionExists.cxx
Linking CXX executable cmTC_6b11e
/usr/local/bin/cmake -E cmake_link_script CMakeFiles/cmTC_6b11e.dir/link.txt --verbose=1
/usr/bin/c++   -DCHECK_FUNCTION_EXISTS=pthread_create    CMakeFiles/cmTC_6b11e.dir/CheckFunctionExists.cxx.o  -o cmTC_6b11e  -lpthreads 
/usr/bin/ld: cannot find -lpthreads
collect2: error: ld returned 1 exit status
CMakeFiles/cmTC_6b11e.dir/build.make:86: recipe for target 'cmTC_6b11e' failed
make[1]: *** [cmTC_6b11e] Error 1
make[1]: Leaving directory '/home/cs211/gcomm/cmake-build-debug/CMakeFiles/CMakeTmp'
Makefile:121: recipe for target 'cmTC_6b11e/fast' failed
make: *** [cmTC_6b11e/fast] Error 2



